[    0.000000] Linux version 4.15.0-159-generic (buildd@lgw01-amd64-055) (gcc version 7.5.0 (Ubuntu 7.5.0-3ubuntu1~18.04)) #167-Ubuntu SMP Tue Sep 21 08:55:05 UTC 2021 (Ubuntu 4.15.0-159.167-generic 4.15.18)
[    0.000000] Command line: BOOT_IMAGE=/boot/vmlinuz-4.15.0-159-generic root=LABEL=cloudimg-rootfs ro console=tty1 console=ttyS0
[    0.000000] KERNEL supported cpus:
[    0.000000]   Intel GenuineIntel
[    0.000000]   AMD AuthenticAMD
[    0.000000]   Centaur CentaurHauls
[    0.000000] x86/fpu: x87 FPU will use FXSAVE
[    0.000000] e820: BIOS-provided physical RAM map:
[    0.000000] BIOS-e820: [mem 0x0000000000000000-0x000000000009fbff] usable
[    0.000000] BIOS-e820: [mem 0x000000000009fc00-0x000000000009ffff] reserved
[    0.000000] BIOS-e820: [mem 0x00000000000f0000-0x00000000000fffff] reserved
[    0.000000] BIOS-e820: [mem 0x0000000000100000-0x000000003ffeffff] usable
[    0.000000] BIOS-e820: [mem 0x000000003fff0000-0x000000003fffffff] ACPI data
[    0.000000] BIOS-e820: [mem 0x00000000fec00000-0x00000000fec00fff] reserved
[    0.000000] BIOS-e820: [mem 0x00000000fee00000-0x00000000fee00fff] reserved
[    0.000000] BIOS-e820: [mem 0x00000000fffc0000-0x00000000ffffffff] reserved
[    0.000000] NX (Execute Disable) protection: active
[    0.000000] SMBIOS 2.5 present.
[    0.000000] DMI: innotek GmbH VirtualBox/VirtualBox, BIOS VirtualBox 12/01/2006
[    0.000000] Hypervisor detected: KVM
[    0.000000] e820: last_pfn = 0x3fff0 max_arch_pfn = 0x400000000
[    0.000000] MTRR: Disabled
[    0.000000] x86/PAT: MTRRs disabled, skipping PAT initialization too.
[    0.000000] CPU MTRRs all blank - virtualized system.
[    0.000000] x86/PAT: Configuration [0-7]: WB  WT  UC- UC  WB  WT  UC- UC  
[    0.000000] found SMP MP-table at [mem 0x0009fff0-0x0009ffff]
[    0.000000] Scanning 1 areas for low memory corruption
[    0.000000] RAMDISK: [mem 0x359cb000-0x36cdcfff]
[    0.000000] ACPI: Early table checksum verification disabled
[    0.000000] ACPI: RSDP 0x00000000000E0000 000024 (v02 VBOX  )
[    0.000000] ACPI: XSDT 0x000000003FFF0030 00003C (v01 VBOX   VBOXXSDT 00000001 ASL  00000061)
[    0.000000] ACPI: FACP 0x000000003FFF00F0 0000F4 (v04 VBOX   VBOXFACP 00000001 ASL  00000061)
[    0.000000] ACPI: DSDT 0x000000003FFF0470 002325 (v02 VBOX   VBOXBIOS 00000002 INTL 20100528)
[    0.000000] ACPI: FACS 0x000000003FFF0200 000040
[    0.000000] ACPI: FACS 0x000000003FFF0200 000040
[    0.000000] ACPI: APIC 0x000000003FFF0240 00005C (v02 VBOX   VBOXAPIC 00000001 ASL  00000061)
[    0.000000] ACPI: SSDT 0x000000003FFF02A0 0001CC (v01 VBOX   VBOXCPUT 00000002 INTL 20100528)
[    0.000000] ACPI: Reserving FACP table memory at [mem 0x3fff00f0-0x3fff01e3]
[    0.000000] ACPI: Reserving DSDT table memory at [mem 0x3fff0470-0x3fff2794]
[    0.000000] ACPI: Reserving FACS table memory at [mem 0x3fff0200-0x3fff023f]
[    0.000000] ACPI: Reserving FACS table memory at [mem 0x3fff0200-0x3fff023f]
[    0.000000] ACPI: Reserving APIC table memory at [mem 0x3fff0240-0x3fff029b]
[    0.000000] ACPI: Reserving SSDT table memory at [mem 0x3fff02a0-0x3fff046b]
[    0.000000] No NUMA configuration found
[    0.000000] Faking a node at [mem 0x0000000000000000-0x000000003ffeffff]
[    0.000000] NODE_DATA(0) allocated [mem 0x3ffc5000-0x3ffeffff]
[    0.000000] kvm-clock: cpu 0, msr 0:3ff44001, primary cpu clock
[    0.000000] kvm-clock: Using msrs 4b564d01 and 4b564d00
[    0.000000] kvm-clock: using sched offset of 5270057501 cycles
[    0.000000] clocksource: kvm-clock: mask: 0xffffffffffffffff max_cycles: 0x1cd42e4dffb, max_idle_ns: 881590591483 ns
[    0.000000] Zone ranges:
[    0.000000]   DMA      [mem 0x0000000000001000-0x0000000000ffffff]
[    0.000000]   DMA32    [mem 0x0000000001000000-0x000000003ffeffff]
[    0.000000]   Normal   empty
[    0.000000]   Device   empty
[    0.000000] Movable zone start for each node
[    0.000000] Early memory node ranges
[    0.000000]   node   0: [mem 0x0000000000001000-0x000000000009efff]
[    0.000000]   node   0: [mem 0x0000000000100000-0x000000003ffeffff]
[    0.000000] Reserved but unavailable: 104 pages
[    0.000000] Initmem setup node 0 [mem 0x0000000000001000-0x000000003ffeffff]
[    0.000000] ACPI: PM-Timer IO Port: 0x4008
[    0.000000] IOAPIC[0]: apic_id 2, version 32, address 0xfec00000, GSI 0-23
[    0.000000] ACPI: INT_SRC_OVR (bus 0 bus_irq 0 global_irq 2 dfl dfl)
[    0.000000] ACPI: INT_SRC_OVR (bus 0 bus_irq 9 global_irq 9 low level)
[    0.000000] Using ACPI (MADT) for SMP configuration information
[    0.000000] smpboot: Allowing 2 CPUs, 0 hotplug CPUs
[    0.000000] PM: Registered nosave memory: [mem 0x00000000-0x00000fff]
[    0.000000] PM: Registered nosave memory: [mem 0x0009f000-0x0009ffff]
[    0.000000] PM: Registered nosave memory: [mem 0x000a0000-0x000effff]
[    0.000000] PM: Registered nosave memory: [mem 0x000f0000-0x000fffff]
[    0.000000] e820: [mem 0x40000000-0xfebfffff] available for PCI devices
[    0.000000] Booting paravirtualized kernel on KVM
[    0.000000] clocksource: refined-jiffies: mask: 0xffffffff max_cycles: 0xffffffff, max_idle_ns: 7645519600211568 ns
[    0.000000] random: get_random_bytes called from start_kernel+0x99/0x500 with crng_init=0
[    0.000000] setup_percpu: NR_CPUS:8192 nr_cpumask_bits:2 nr_cpu_ids:2 nr_node_ids:1
[    0.000000] percpu: Embedded 45 pages/cpu s147456 r8192 d28672 u1048576
[    0.000000] PV qspinlock hash table entries: 256 (order: 0, 4096 bytes)
[    0.000000] Built 1 zonelists, mobility grouping on.  Total pages: 257913
[    0.000000] Policy zone: DMA32
[    0.000000] Kernel command line: BOOT_IMAGE=/boot/vmlinuz-4.15.0-159-generic root=LABEL=cloudimg-rootfs ro console=tty1 console=ttyS0
[    0.000000] Memory: 982708K/1048120K available (12300K kernel code, 2483K rwdata, 4320K rodata, 2448K init, 2724K bss, 65412K reserved, 0K cma-reserved)
[    0.000000] SLUB: HWalign=64, Order=0-3, MinObjects=0, CPUs=2, Nodes=1
[    0.000000] Kernel/User page tables isolation: enabled
[    0.000000] ftrace: allocating 39471 entries in 155 pages
[    0.004000] Hierarchical RCU implementation.
[    0.004000] 	RCU restricting CPUs from NR_CPUS=8192 to nr_cpu_ids=2.
[    0.004000] 	Tasks RCU enabled.
[    0.004000] RCU: Adjusting geometry for rcu_fanout_leaf=16, nr_cpu_ids=2
[    0.004000] NR_IRQS: 524544, nr_irqs: 440, preallocated irqs: 16
[    0.004000] Console: colour VGA+ 80x25
[    0.004000] console [tty1] enabled
[    0.004000] console [ttyS0] enabled
[    0.004000] ACPI: Core revision 20170831
[    0.004000] ACPI: 2 ACPI AML tables successfully acquired and loaded
[    0.004000] APIC: Switch to symmetric I/O mode setup
[    0.004000] ..TIMER: vector=0x30 apic1=0 pin1=2 apic2=-1 pin2=-1
[    0.004007] tsc: Detected 2594.116 MHz processor
[    0.008015] Calibrating delay loop (skipped) preset value.. 5188.23 BogoMIPS (lpj=10376464)
[    0.012004] pid_max: default: 32768 minimum: 301
[    0.016091] Security Framework initialized
[    0.020004] Yama: becoming mindful.
[    0.024115] AppArmor: AppArmor initialized
[    0.038702] Dentry cache hash table entries: 131072 (order: 8, 1048576 bytes)
[    0.045872] Inode-cache hash table entries: 65536 (order: 7, 524288 bytes)
[    0.048114] Mount-cache hash table entries: 2048 (order: 2, 16384 bytes)
[    0.052094] Mountpoint-cache hash table entries: 2048 (order: 2, 16384 bytes)
[    0.061043] Last level iTLB entries: 4KB 512, 2MB 8, 4MB 8
[    0.064004] Last level dTLB entries: 4KB 512, 2MB 32, 4MB 32, 1GB 0
[    0.068005] Spectre V1 : Mitigation: usercopy/swapgs barriers and __user pointer sanitization
[    0.072008] Spectre V2 : Mitigation: Full generic retpoline
[    0.076008] Spectre V2 : Spectre v2 / SpectreRSB mitigation: Filling RSB on context switch
[    0.080004] Speculative Store Bypass: Vulnerable
[    0.084063] MDS: Mitigation: Clear CPU buffers
[    0.088211] Freeing SMP alternatives memory: 36K
[    0.214228] APIC calibration not consistent with PM-Timer: 102ms instead of 100ms
[    0.216000] APIC delta adjusted to PM-Timer: 6409924 (6578824)
[    0.216515] smpboot: CPU0: Intel(R) Core(TM) i5-3320M CPU @ 2.60GHz (family: 0x6, model: 0x3a, stepping: 0x9)
[    0.220609] Performance Events: unsupported p6 CPU model 58 no PMU driver, software events only.
[    0.224249] Hierarchical SRCU implementation.
[    0.232231] NMI watchdog: Perf event create on CPU 0 failed with -2
[    0.236009] NMI watchdog: Perf NMI watchdog permanently disabled
[    0.240705] smp: Bringing up secondary CPUs ...
[    0.248506] x86: Booting SMP configuration:
[    0.252011] .... node  #0, CPUs:      #1
[    0.004000] kvm-clock: cpu 1, msr 0:3ff44041, secondary cpu clock
[    0.271913] TSC synchronization [CPU#0 -> CPU#1]:
[    0.272000] Measured 99168 cycles TSC warp between CPUs, turning off TSC clock.
[    0.272000] tsc: Marking TSC unstable due to check_tsc_sync_source failed
[    0.280317] smp: Brought up 1 node, 2 CPUs
[    0.284008] smpboot: Max logical packages: 1
[    0.288006] smpboot: Total of 2 processors activated (10376.46 BogoMIPS)
[    0.296776] devtmpfs: initialized
[    0.300139] x86/mm: Memory block size: 128MB
[    0.308291] evm: security.selinux
[    0.312003] evm: security.SMACK64
[    0.316003] evm: security.SMACK64EXEC
[    0.320029] evm: security.SMACK64TRANSMUTE
[    0.324003] evm: security.SMACK64MMAP
[    0.328003] evm: security.apparmor
[    0.332003] evm: security.ima
[    0.336003] evm: security.capability
[    0.344138] clocksource: jiffies: mask: 0xffffffff max_cycles: 0xffffffff, max_idle_ns: 7645041785100000 ns
[    0.348012] futex hash table entries: 512 (order: 3, 32768 bytes)
[    0.352241] pinctrl core: initialized pinctrl subsystem
[    0.356831] RTC time: 12:43:25, date: 10/04/21
[    0.365028] NET: Registered protocol family 16
[    0.368160] audit: initializing netlink subsys (disabled)
[    0.372306] audit: type=2000 audit(1633351411.436:1): state=initialized audit_enabled=0 res=1
[    0.388017] cpuidle: using governor ladder
[    0.392011] cpuidle: using governor menu
[    0.396048] ACPI: bus type PCI registered
[    0.400004] acpiphp: ACPI Hot Plug PCI Controller Driver version: 0.5
[    0.404721] PCI: Using configuration type 1 for base access
[    0.420322] HugeTLB registered 2.00 MiB page size, pre-allocated 0 pages
[    0.428623] ACPI: Added _OSI(Module Device)
[    0.432005] ACPI: Added _OSI(Processor Device)
[    0.436019] ACPI: Added _OSI(3.0 _SCP Extensions)
[    0.440004] ACPI: Added _OSI(Processor Aggregator Device)
[    0.444005] ACPI: Added _OSI(Linux-Dell-Video)
[    0.448005] ACPI: Added _OSI(Linux-Lenovo-NV-HDMI-Audio)
[    0.452004] ACPI: Added _OSI(Linux-HPI-Hybrid-Graphics)
[    0.457139] ACPI: Executed 1 blocks of module-level executable AML code
[    0.468694] ACPI: Interpreter enabled
[    0.472022] ACPI: (supports S0 S5)
[    0.476004] ACPI: Using IOAPIC for interrupt routing
[    0.480597] PCI: Using host bridge windows from ACPI; if necessary, use "pci=nocrs" and report a bug
[    0.484310] ACPI: Enabled 2 GPEs in block 00 to 07
[    0.502946] ACPI: PCI Root Bridge [PCI0] (domain 0000 [bus 00-ff])
[    0.504024] acpi PNP0A03:00: _OSC: OS supports [ASPM ClockPM Segments MSI]
[    0.509103] acpi PNP0A03:00: _OSC: not requesting OS control; OS requires [ExtendedConfig ASPM ClockPM MSI]
[    0.512028] acpi PNP0A03:00: fail to add MMCONFIG information, can't access extended PCI configuration space under this bridge.
[    0.517044] PCI host bridge to bus 0000:00
[    0.520006] pci_bus 0000:00: root bus resource [io  0x0000-0x0cf7 window]
[    0.524005] pci_bus 0000:00: root bus resource [io  0x0d00-0xffff window]
[    0.528005] pci_bus 0000:00: root bus resource [mem 0x000a0000-0x000bffff window]
[    0.532006] pci_bus 0000:00: root bus resource [mem 0x40000000-0xfdffffff window]
[    0.536006] pci_bus 0000:00: root bus resource [bus 00-ff]
[    0.548915] pci 0000:00:01.1: legacy IDE quirk: reg 0x10: [io  0x01f0-0x01f7]
[    0.552005] pci 0000:00:01.1: legacy IDE quirk: reg 0x14: [io  0x03f6]
[    0.556005] pci 0000:00:01.1: legacy IDE quirk: reg 0x18: [io  0x0170-0x0177]
[    0.560008] pci 0000:00:01.1: legacy IDE quirk: reg 0x1c: [io  0x0376]
[    0.633678] pci 0000:00:07.0: quirk: [io  0x4000-0x403f] claimed by PIIX4 ACPI
[    0.636055] pci 0000:00:07.0: quirk: [io  0x4100-0x410f] claimed by PIIX4 SMB
[    0.652919] ACPI: PCI Interrupt Link [LNKA] (IRQs 5 9 10 *11)
[    0.656779] ACPI: PCI Interrupt Link [LNKB] (IRQs 5 9 *10 11)
[    0.660272] ACPI: PCI Interrupt Link [LNKC] (IRQs 5 *9 10 11)
[    0.664293] ACPI: PCI Interrupt Link [LNKD] (IRQs 5 9 10 *11)
[    0.672539] SCSI subsystem initialized
[    0.680287] pci 0000:00:02.0: vgaarb: setting as boot VGA device
[    0.684000] pci 0000:00:02.0: vgaarb: VGA device added: decodes=io+mem,owns=io+mem,locks=none
[    0.684008] pci 0000:00:02.0: vgaarb: bridge control possible
[    0.688003] vgaarb: loaded
[    0.692092] ACPI: bus type USB registered
[    0.696073] usbcore: registered new interface driver usbfs
[    0.700015] usbcore: registered new interface driver hub
[    0.704018] usbcore: registered new device driver usb
[    0.708366] EDAC MC: Ver: 3.0.0
[    0.716230] PCI: Using ACPI for IRQ routing
[    0.724977] NetLabel: Initializing
[    0.728004] NetLabel:  domain hash size = 128
[    0.732003] NetLabel:  protocols = UNLABELED CIPSOv4 CALIPSO
[    0.736025] NetLabel:  unlabeled traffic allowed by default
[    0.744284] clocksource: Switched to clocksource kvm-clock
[    0.756084] VFS: Disk quotas dquot_6.6.0
[    0.756084] VFS: Dquot-cache hash table entries: 512 (order 0, 4096 bytes)
[    0.756084] AppArmor: AppArmor Filesystem Enabled
[    0.756084] pnp: PnP ACPI init
[    0.756084] pnp: PnP ACPI: found 3 devices
[    0.898739] clocksource: acpi_pm: mask: 0xffffff max_cycles: 0xffffff, max_idle_ns: 2085701024 ns
[    0.900896] NET: Registered protocol family 2
[    0.900896] IP idents hash table entries: 16384 (order: 5, 131072 bytes)
[    0.922327] TCP established hash table entries: 8192 (order: 4, 65536 bytes)
[    0.931029] TCP bind hash table entries: 8192 (order: 5, 131072 bytes)
[    0.938994] TCP: Hash tables configured (established 8192 bind 8192)
[    0.942258] UDP hash table entries: 512 (order: 2, 16384 bytes)
[    0.942258] UDP-Lite hash table entries: 512 (order: 2, 16384 bytes)
[    0.942258] NET: Registered protocol family 1
[    0.942258] pci 0000:00:00.0: Limiting direct PCI/PCI transfers
[    0.942258] pci 0000:00:01.0: Activating ISA DMA hang workarounds
[    0.942258] pci 0000:00:02.0: Video device with shadowed ROM at [mem 0x000c0000-0x000dffff]
[    0.942258] Unpacking initramfs...
[    1.643410] Freeing initrd memory: 19528K
[    1.648850] clocksource: tsc: mask: 0xffffffffffffffff max_cycles: 0x256485898c4, max_idle_ns: 440795246280 ns
[    1.659890] platform rtc_cmos: registered platform RTC device (no PNP device found)
[    1.668520] Scanning for low memory corruption every 60 seconds
[    1.677970] Initialise system trusted keyrings
[    1.683677] Key type blacklist registered
[    1.689300] workingset: timestamp_bits=36 max_order=18 bucket_order=0
[    1.699060] zbud: loaded
[    1.703471] squashfs: version 4.0 (2009/01/31) Phillip Lougher
[    1.712177] fuse init (API version 7.26)
[    1.754216] Key type asymmetric registered
[    1.758963] Asymmetric key parser 'x509' registered
[    1.764651] Block layer SCSI generic (bsg) driver version 0.4 loaded (major 246)
[    1.773500] io scheduler noop registered
[    1.778264] io scheduler deadline registered
[    1.783148] io scheduler cfq registered (default)
[    1.789676] ACPI: AC Adapter [AC] (on-line)
[    1.794761] input: Power Button as /devices/LNXSYSTM:00/LNXPWRBN:00/input/input0
[    1.803461] ACPI: Power Button [PWRF]
[    1.808374] input: Sleep Button as /devices/LNXSYSTM:00/LNXSLPBN:00/input/input1
[    1.816499] ACPI: Sleep Button [SLPF]
[    1.822091] Serial: 8250/16550 driver, 32 ports, IRQ sharing enabled
[    1.825124] ACPI: Battery Slot [BAT0] (battery present)
[    1.868425] 00:02: ttyS0 at I/O 0x3f8 (irq = 4, base_baud = 115200) is a 16550A
[    1.883342] Linux agpgart interface v0.103
[    1.892153] loop: module loaded
[    1.898577] scsi host0: ata_piix
[    1.903745] scsi host1: ata_piix
[    1.907545] ata1: PATA max UDMA/33 cmd 0x1f0 ctl 0x3f6 bmdma 0xd000 irq 14
[    1.911460] ata2: PATA max UDMA/33 cmd 0x170 ctl 0x376 bmdma 0xd008 irq 15
[    1.921961] libphy: Fixed MDIO Bus: probed
[    1.927587] tun: Universal TUN/TAP device driver, 1.6
[    1.933691] PPP generic driver version 2.4.2
[    1.937594] ehci_hcd: USB 2.0 'Enhanced' Host Controller (EHCI) Driver
[    1.937594] ehci-pci: EHCI PCI platform driver
[    1.937594] ehci-platform: EHCI generic platform driver
[    1.937594] ohci_hcd: USB 1.1 'Open' Host Controller (OHCI) Driver
[    1.937594] ohci-pci: OHCI PCI platform driver
[    1.937594] ohci-platform: OHCI generic platform driver
[    1.937594] uhci_hcd: USB Universal Host Controller Interface driver
[    1.937594] i8042: PNP: PS/2 Controller [PNP0303:PS2K,PNP0f03:PS2M] at 0x60,0x64 irq 1,12
[    1.937594] serio: i8042 KBD port at 0x60,0x64 irq 1
[    1.937594] serio: i8042 AUX port at 0x60,0x64 irq 12
[    1.937594] mousedev: PS/2 mouse device common for all mice
[    2.011793] rtc_cmos rtc_cmos: rtc core: registered rtc_cmos as rtc0
[    2.020630] input: AT Translated Set 2 keyboard as /devices/platform/i8042/serio0/input/input2
[    2.025650] rtc_cmos rtc_cmos: alarms up to one day, 114 bytes nvram
[    2.038697] i2c /dev entries driver
[    2.043262] device-mapper: uevent: version 1.0.3
[    2.049508] device-mapper: ioctl: 4.37.0-ioctl (2017-09-20) initialised: dm-devel@redhat.com
[    2.059456] ledtrig-cpu: registered to indicate activity on CPUs
[    2.070466] NET: Registered protocol family 10
[    2.150578] Segment Routing with IPv6
[    2.155225] NET: Registered protocol family 17
[    2.160748] Key type dns_resolver registered
[    2.166388] mce: Using 0 MCE banks
[    2.171588] RAS: Correctable Errors collector initialized.
[    2.179346] sched_clock: Marking stable (2179182435, 0)->(3668832956, -1489650521)
[    2.192370] registered taskstats version 1
[    2.197468] Loading compiled-in X.509 certificates
[    2.209436] Loaded X.509 cert 'Build time autogenerated kernel key: bf5768e0b2369bd53acb56866ca104cf5a2c379b'
[    2.221046] Loaded X.509 cert 'Canonical Ltd. Live Patch Signing: 14df34d1a87cf37625abec039ef2bf521249b969'
[    2.232762] Loaded X.509 cert 'Canonical Ltd. Kernel Module Signing: 88f752e560a1e0737e31163a466ad7b70a850c19'
[    2.243800] zswap: loaded using pool lzo/zbud
[    2.261507] Key type big_key registered
[    2.266585] Key type trusted registered
[    2.276783] Key type encrypted registered
[    2.281768] AppArmor: AppArmor sha1 policy hashing enabled
[    2.288306] ima: No TPM chip found, activating TPM-bypass! (rc=-19)
[    2.295323] ima: Allocated hash algorithm: sha1
[    2.300831] evm: HMAC attrs: 0x1
[    2.305692]   Magic number: 9:281:733
[    2.310993] rtc_cmos rtc_cmos: setting system clock to 2021-10-04 12:43:28 UTC (1633351408)
[    2.323007] BIOS EDD facility v0.16 2004-Jun-25, 0 devices found
[    2.330143] EDD information not available.
[    2.339306] Freeing unused kernel image memory: 2448K
[    2.372255] Write protecting the kernel read-only data: 20480k
[    2.380668] Freeing unused kernel image memory: 2008K
[    2.387667] Freeing unused kernel image memory: 1824K
[    2.400295] x86/mm: Checked W+X mappings: passed, no W+X pages found.
[    2.407270] x86/mm: Checking user space page tables
[    2.419209] x86/mm: Checked W+X mappings: passed, no W+X pages found.
Loading, please wait...
starting version 237
[    2.586265] e1000: Intel(R) PRO/1000 Network Driver - version 7.3.21-k8-NAPI
[    2.598006] e1000: Copyright (c) 1999-2006 Intel Corporation.
[    2.615582] Fusion MPT base driver 3.04.20
[    2.622308] Copyright (c) 1999-2008 LSI Corporation
[    2.641186] Fusion MPT SPI Host driver 3.04.20
[    2.962715] input: ImExPS/2 Generic Explorer Mouse as /devices/platform/i8042/serio1/input/input4
[    3.438119] e1000 0000:00:03.0 eth0: (PCI:33MHz:32-bit) 02:2f:77:f1:0c:e0
[    3.445433] e1000 0000:00:03.0 eth0: Intel(R) PRO/1000 Network Connection
[    3.458487] e1000 0000:00:03.0 enp0s3: renamed from eth0
[    3.465369] mptbase: ioc0: Initiating bringup
[    4.459168] ioc0: LSI53C1030 A0: Capabilities={Initiator}
[    5.629544] scsi host2: ioc0: LSI53C1030 A0, FwRev=00000000h, Ports=1, MaxQ=256, IRQ=20
[    6.427638] scsi 2:0:0:0: Direct-Access     VBOX     HARDDISK         1.0  PQ: 0 ANSI: 5
[    6.488532] scsi target2:0:0: Beginning Domain Validation
[    6.526905] scsi target2:0:0: Domain Validation skipping write tests
[    6.536359] scsi target2:0:0: Ending Domain Validation
[    6.544744] scsi target2:0:0: asynchronous
[    6.552599] random: fast init done
[    6.558245] scsi 2:0:1:0: Direct-Access     VBOX     HARDDISK         1.0  PQ: 0 ANSI: 5
[    6.596860] scsi target2:0:1: Beginning Domain Validation
[    6.612871] scsi target2:0:1: Domain Validation skipping write tests
[    6.620162] scsi target2:0:1: Ending Domain Validation
[    6.626687] scsi target2:0:1: asynchronous
[    6.647930] sd 2:0:0:0: Attached scsi generic sg0 type 0
[    6.648392] random: systemd-udevd: uninitialized urandom read (16 bytes read)
[    6.655749] sd 2:0:1:0: Attached scsi generic sg1 type 0
[    6.664280] random: systemd-udevd: uninitialized urandom read (16 bytes read)
[    6.679482] random: systemd-udevd: uninitialized urandom read (16 bytes read)
[    6.688206] sd 2:0:0:0: [sda] 83886080 512-byte logical blocks: (42.9 GB/40.0 GiB)
[    6.697472] sd 2:0:1:0: [sdb] 20480 512-byte logical blocks: (10.5 MB/10.0 MiB)
[    6.706998] sd 2:0:0:0: [sda] Write Protect is off
[    6.712842] sd 2:0:1:0: [sdb] Write Protect is off
[    6.719252] sd 2:0:0:0: [sda] Incomplete mode parameter data
[    6.725801] sd 2:0:0:0: [sda] Assuming drive cache: write through
[    6.733355] sd 2:0:1:0: [sdb] Incomplete mode parameter data
[    6.739824] sd 2:0:1:0: [sdb] Assuming drive cache: write through
[    6.753536]  sda: sda1
[    6.762737] sd 2:0:1:0: [sdb] Attached SCSI disk
[    6.763400] sd 2:0:0:0: [sda] Attached SCSI disk
Begin: Loading essential drivers ... [    9.404449] raid6: sse2x1   gen()  8589 MB/s
[    9.456289] raid6: sse2x1   xor()  5116 MB/s
[    9.509051] raid6: sse2x2   gen()  7617 MB/s
[    9.560635] raid6: sse2x2   xor()  6351 MB/s
[    9.612445] raid6: sse2x4   gen() 11723 MB/s
[    9.664185] raid6: sse2x4   xor()  8072 MB/s
[    9.669193] raid6: using algorithm sse2x4 gen() 11723 MB/s
[    9.675408] raid6: .... xor() 8072 MB/s, rmw enabled
[    9.681153] raid6: using ssse3x2 recovery algorithm
[    9.690797] xor: measuring software checksum speed
[    9.736399]    prefetch64-sse: 14738.000 MB/sec
[    9.780482]    generic_sse: 14050.000 MB/sec
[    9.785258] xor: using function: prefetch64-sse (14738.000 MB/sec)
[    9.794577] async_tx: api initialized (async)
done.
Begin: Running /scripts/init-premount ... done.
Begin: Mounting root file system ... Begin: Running /scripts/local-top ... done.
Begin: Running /scripts/local-premount ... [    9.880919] Btrfs loaded, crc32c=crc32c-intel
Scanning for Btrfs filesystems
done.
Warning: fsck not present, so skipping root file system
[    9.961469] EXT4-fs (sda1): mounted filesystem with ordered data mode. Opts: (null)
done.
Begin: Running /scripts/local-bottom ... done.
Begin: Running /scripts/init-bottom ... done.
[   10.317569] ip_tables: (C) 2000-2006 Netfilter Core Team
[   10.358834] systemd[1]: systemd 237 running in system mode. (+PAM +AUDIT +SELINUX +IMA +APPARMOR +SMACK +SYSVINIT +UTMP +LIBCRYPTSETUP +GCRYPT +GNUTLS +ACL +XZ +LZ4 +SECCOMP +BLKID +ELFUTILS +KMOD -IDN2 +IDN -PCRE2 default-hierarchy=hybrid)
[   10.382613] systemd[1]: Detected virtualization oracle.
[   10.388317] systemd[1]: Detected architecture x86-64.

Welcome to [1mUbuntu 18.04.6 LTS[0m!

[   10.434399] systemd[1]: Set hostname to <ubuntu>.
[   10.453333] systemd[1]: Initializing machine ID from random generator.
[   10.461087] systemd[1]: Installed transient /etc/machine-id file.
[   10.977261] systemd[1]: Reached target System Time Synchronized.
[[0;32m  OK  [0m] Reached target System Time Synchronized.
[   10.989590] systemd[1]: Reached target Swap.
[[0;32m  OK  [0m] Reached target Swap.
[   11.011403] systemd[1]: Created slice User and Session Slice.
[[0;32m  OK  [0m] Created slice User and Session Slice.
[   11.023795] systemd[1]: Created slice System Slice.
[[0;32m  OK  [0m] Created slice System Slice.
[[0;32m  OK  [0m] Listening on Journal Audit Socket.
[[0;32m  OK  [0m] Listening on LVM2 metadata daemon socket.
[[0;32m  OK  [0m] Created slice system-serial\x2dgetty.slice.
[[0;32m  OK  [0m] Listening on /dev/initctl Compatibility Named Pipe.
[[0;32m  OK  [0m] Listening on LVM2 poll daemon socket.
[[0;32m  OK  [0m] Listening on Device-mapper event daemon FIFOs.
[[0;32m  OK  [0m] Listening on Network Service Netlink Socket.
[[0;32m  OK  [0m] Listening on udev Kernel Socket.
[[0;32m  OK  [0m] Listening on Syslog Socket.
[[0;32m  OK  [0m] Set up automount Arbitrary Executab…rmats File System Automount Point.
[[0;32m  OK  [0m] Listening on Journal Socket.
         Starting Set the console keyboard layout...
         Mounting Kernel Debug File System...
         Starting Create list of required st…ce nodes for the current kernel...
         Mounting POSIX Message Queue File System...
         Starting Monitoring of LVM2 mirrors…ng dmeventd or progress polling...
         Starting Load Kernel Modules...
         Mounting Huge Pages File System...
[[0;32m  OK  [0m] Reached target User and Group Name Lookups.
[[0;32m  OK  [0m] Listening on Journal Socket (/dev/log).
         Starting Journal Service...
[[0;32m  OK  [0m] Listening on udev Control Socket.
         Starting udev Coldplug all Devices...
[[0;32m  OK  [0m] Started Forward Password Requests to Wall Directory Watch.
         Starting Uncomplicated firewall...[   11.241639] Loading iSCSI transport class v2.0-870.

[[0;32m  OK  [0m] Reached target Slices.
[[0;32m  OK  [0m] Listening on fsck to fsckd communication Socket.
         Starting File System Check on Root Device...
[[0;32m  OK  [0m] Mounted Kernel Debug File System.
[   11.302462] iscsi: registered transport (tcp)
[[0;32m  OK  [0m] Started Create list of required sta…vice nodes for the current kernel.
[[0;32m  OK  [0m] Mounted POSIX Message Queue File System.
[[0;32m  OK  [0m] Mounted Huge Pages File System.
[[0;32m  OK  [0m] Started Uncomplicated firewall.
[[0;32m  OK  [0m] Started LVM2 metadata daemon.
         Starting Create Static Device Nodes in /dev...
[[0;32m  OK  [0m] Started File System Check Daemon to report status.
[[0;32m  OK  [0m] Started Create Static Device Nodes in /dev.
[[0;32m  OK  [0m] Started File System Check on Root Device.
[[0;32m  OK  [0m] Started Journal Service.
         Starting Remount Root and Kernel File Systems...
[   11.534221] iscsi: registered transport (iser)
[[0;32m  OK  [0m] Started Monitoring of LVM2 mirrors,…sing dmeventd or progress polling.
[[0;32m  OK  [0m] Started Load Kernel Modules.[   11.573692] EXT4-fs (sda1): re-mounted. Opts: (null)

[[0;32m  OK  [0m] Started Set the console keyboard layout.
[[0;32m  OK  [0m] Started Remount Root and Kernel File Systems.
[[0;32m  OK  [0m] Started udev Coldplug all Devices.
         Starting Flush Journal to Persistent Storage...
         Starting Load/Save Random Seed...
         Starting udev Kernel Device Manager...
         Mounting FUSE Control File System...
         Mounting Kernel Configuration File System...
         Starting Apply Kernel Variables...
[[0;32m  OK  [0m] Reached target Local File Systems (Pre).
[[0;32m  OK  [0m] Reached target Local File Systems.
         Starting AppArmor initialization...
         Starting Tell Plymouth To Write Out Runtime Data...
         Starting Commit a transient machine-id on disk...
         Starting ebtables ruleset management...
         Starting Set console font and keymap...
[[0;32m  OK  [0m] Started Load/Save Random Seed.
[[0;32m  OK  [0m] Mounted FUSE Control File System.
[[0;32m  OK  [0m] Mounted Kernel Configuration File System.
[   11.742898] systemd-journald[397]: Received request to flush runtime journal from PID 1
[[0;32m  OK  [0m] Started Tell Plymouth To Write Out Runtime Data.
[[0;32m  OK  [0m] Started Set console font and keymap.
[[0;32m  OK  [0m] Started udev Kernel Device Manager.
[[0;32m  OK  [0m] Started Dispatch Password Requests to Console Directory Watch.
[[0;32m  OK  [0m] Reached target Local Encrypted Volumes.
[[0;32m  OK  [0m] Started Apply Kernel Variables.
[[0;32m  OK  [0m] Started ebtables ruleset management.
[[0;32m  OK  [0m] Started Flush Journal to Persistent Storage.
[[0;32m  OK  [0m] Started Commit a transient machine-id on disk.
         Starting Create Volatile Files and Directories...
[[0;32m  OK  [0m] Started Create Volatile Files and Directories.
         Starting Update UTMP about System Boot/Shutdown...
[[0;32m  OK  [0m] Started Update UTMP about System Boot/Shutdown.
[[0;32m  OK  [0m] Found device /dev/ttyS0.
[[0;32m  OK  [0m] Listening on Load/Save RF Kill Switch Status /dev/rfkill Watch.
[[0;32m  OK  [0m] Started AppArmor initialization.
         Starting Load AppArmor profiles managed internally by snapd...
         Starting Initial cloud-init job (pre-networking)...
[[0;32m  OK  [0m] Started Load AppArmor profiles managed internally by snapd.
[   16.226088] cloud-init[546]: Cloud-init v. 21.2-3-g899bfaa9-0ubuntu2~18.04.1 running 'init-local' at Mon, 04 Oct 2021 12:43:41 +0000. Up 15.63 seconds.
[[0;32m  OK  [0m] Started Initial cloud-init job (pre-networking).
[[0;32m  OK  [0m] Reached target Network (Pre).
         Starting Network Service...
[[0;32m  OK  [0m] Started Network Service.
         Starting Network Name Resolution...
         Starting Wait for Network to be Configured...
[[0;32m  OK  [0m] Started Network Name Resolution.
[[0;32m  OK  [0m] Reached target Network.
[[0;32m  OK  [0m] Reached target Host and Network Name Lookups.
[[0;32m  OK  [0m] Started Wait for Network to be Configured.
         Starting Initial cloud-init job (metadata service crawler)...
[   18.688022] cloud-init[650]: Cloud-init v. 21.2-3-g899bfaa9-0ubuntu2~18.04.1 running 'init' at Mon, 04 Oct 2021 12:43:44 +0000. Up 18.48 seconds.
[   18.701011] cloud-init[650]: ci-info: +++++++++++++++++++++++++++++++++++++Net device info++++++++++++++++++++++++++++++++++++++
[   18.713523] cloud-init[650]: ci-info: +--------+------+---------------------------+---------------+--------+-------------------+
[   18.725210] cloud-init[650]: ci-info: | Device |  Up  |          Address          |      Mask     | Scope  |     Hw-Address    |
[   18.737277] cloud-init[650]: ci-info: +--------+------+---------------------------+---------------+--------+-------------------+
[   18.748910] cloud-init[650]: ci-info: | enp0s3 | True |         10.0.2.15         | 255.255.255.0 | global | 02:2f:77:f1:0c:e0 |
[   18.760012] cloud-init[650]: ci-info: | enp0s3 | True | fe80::2f:77ff:fef1:ce0/64 |       .       |  link  | 02:2f:77:f1:0c:e0 |
[   18.772892] cloud-init[650]: ci-info: |   lo   | True |         127.0.0.1         |   255.0.0.0   |  host  |         .         |
[   18.785411] cloud-init[650]: ci-info: |   lo   | True |          ::1/128          |       .       |  host  |         .         |
[   18.796223] cloud-init[650]: ci-info: +--------+------+---------------------------+---------------+--------+-------------------+
[   18.809021] cloud-init[650]: ci-info: ++++++++++++++++++++++++++++Route IPv4 info+++++++++++++++++++++++++++++
[   18.819519] cloud-init[650]: ci-info: +-------+-------------+----------+-----------------+-----------+-------+
[   18.831424] cloud-init[650]: ci-info: | Route | Destination | Gateway  |     Genmask     | Interface | Flags |
[   18.842686] cloud-init[650]: ci-info: +-------+-------------+----------+-----------------+-----------+-------+
[   18.854580] cloud-init[650]: ci-info: |   0   |   0.0.0.0   | 10.0.2.2 |     0.0.0.0     |   enp0s3  |   UG  |
[   18.865740] cloud-init[650]: ci-info: |   1   |   10.0.2.0  | 0.0.0.0  |  255.255.255.0  |   enp0s3  |   U   |
[   18.876577] cloud-init[650]: ci-info: |   2   |   10.0.2.2  | 0.0.0.0  | 255.255.255.255 |   enp0s3  |   UH  |
[   18.885976] cloud-init[650]: ci-info: +-------+-------------+----------+-----------------+-----------+-------+
[   18.894629] cloud-init[650]: ci-info: +++++++++++++++++++Route IPv6 info+++++++++++++++++++
[   18.902582] cloud-init[650]: ci-info: +-------+-------------+---------+-----------+-------+
[   18.910832] cloud-init[650]: ci-info: | Route | Destination | Gateway | Interface | Flags |
[   18.918776] cloud-init[650]: ci-info: +-------+-------------+---------+-----------+-------+
[   18.926828] cloud-init[650]: ci-info: |   1   |  fe80::/64  |    ::   |   enp0s3  |   U   |
[   18.934832] cloud-init[650]: ci-info: |   3   |    local    |    ::   |   enp0s3  |   U   |
[   18.943226] cloud-init[650]: ci-info: |   4   |   ff00::/8  |    ::   |   enp0s3  |   U   |
[   18.951590] cloud-init[650]: ci-info: +-------+-------------+---------+-----------+-------+
[   20.043223] cloud-init[650]: Generating public/private rsa key pair.
[   20.047676] cloud-init[650]: Your identification has been saved in /etc/ssh/ssh_host_rsa_key.
[   20.052650] cloud-init[650]: Your public key has been saved in /etc/ssh/ssh_host_rsa_key.pub.
[   20.057532] cloud-init[650]: The key fingerprint is:
[   20.060734] cloud-init[650]: SHA256:63soFx0sahBUAWZZa+g0FLMVxqizBAQqSfxHa6VeJvs root@ubuntu-bionic
[   20.065437] cloud-init[650]: The key's randomart image is:
[   20.068799] cloud-init[650]: +---[RSA 2048]----+
[   20.071485] cloud-init[650]: |=o .OOBo         |
[   20.074455] cloud-init[650]: |+o ++B.o         |
[   20.077472] cloud-init[650]: |+...*.*  .       |
[   20.080622] cloud-init[650]: |. ++.O o. o      |
[   20.085320] cloud-init[650]: | . o=.=.So .     |
[   20.088560] cloud-init[650]: |  .  oo ...      |
[   20.091494] cloud-init[650]: |     .. .o       |
[   20.094458] cloud-init[650]: |      .Eo .      |
[   20.097328] cloud-init[650]: |       ooo       |
[   20.100578] cloud-init[650]: +----[SHA256]-----+
[   20.108616] cloud-init[650]: Generating public/private dsa key pair.
[   20.112768] cloud-init[650]: Your identification has been saved in /etc/ssh/ssh_host_dsa_key.
[   20.117082] cloud-init[650]: Your public key has been saved in /etc/ssh/ssh_host_dsa_key.pub.
[   20.121255] cloud-init[650]: The key fingerprint is:
[   20.123810] cloud-init[650]: SHA256:DQwHzPdyWn4bylihwHOQPhqdFPMGz/LkIVCEsHV4pp0 root@ubuntu-bionic
[   20.129218] cloud-init[650]: The key's randomart image is:
[   20.135745] cloud-init[650]: +---[DSA 1024]----+
[   20.141926] cloud-init[650]: |  ..oBX+.        |
[   20.148799] cloud-init[650]: |   oooOX.        |
[   20.156121] cloud-init[650]: |  .  Xo=X.       |
[   20.162619] cloud-init[650]: |    o EBo+=      |
[   20.168112] cloud-init[650]: |     o =SB..     |[[0;32m  OK  [0m] Started Initial cloud-init job (metadata service crawler).
[[0;32m  OK  [0m] Reached target Network is Online.

[[0;32m  OK  [0m] Reached target Remote File Systems (Pre).
[[0;32m  OK  [0m] Reached target Remote File Systems.
         Starting Availability of block devices...
[[0;32m  OK  [0m] Reached target System Initialization.
[   20.184948] cloud-init[650]: |    .   o o o    |
[   20.186166] cloud-init[650]: |         + o o   |
[   20.187449] cloud-init[650]: |        . o .    |
[   20.190165] cloud-init[650]: |                 |
[   20.191451] cloud-init[650]: +----[SHA256]-----+
[   20.194168] cloud-init[650]: Generating public/private ecdsa key pair.
[[0;32m  OK  [0m] Listening on ACPID Listen Socket.
[[0;32m  OK  [0m] Started Daily apt download activities.
[[0;32m  OK  [0m] Started Daily apt upgrade and clean activities.
[[0;32m  OK  [0m] Started Ubuntu Advantage update messaging.
[   20.195478] cloud-init[650]: Your identification has been saved in /etc/ssh/ssh_host_ecdsa_key.
[   20.206386] cloud-init[650]: Your public key has been saved in /etc/ssh/ssh_host_ecdsa_key.pub.
[   20.207728] cloud-init[650]: The key fingerprint is:
[   20.210357] cloud-init[650]: SHA256:oZMzxTmSirNOy2ytm9c+mTZylSqB6x40FkC4RSBWRpk root@ubuntu-bionic
[   20.211691] cloud-init[650]: The key's randomart image is:
[   20.214356] cloud-init[650]: +---[ECDSA 256]---+
[   20.215635] cloud-init[650]: |*=++o            |
[   20.218285] cloud-init[650]: |+.oE   o .       |
[[0;32m  OK  [0m] Started Discard unused blocks once a week.
[   20.219587]          Starting LXD - unix socket.
cloud-init[650]: | o.   o *        |
         Starting Socket activation for snappy daemon.
[[0;32m  OK  [0m] Listening on UUID daemon activation socket.
[[0;32m  OK  [0m] Started Message of the Day.
[[0;32m  OK  [0m] Listening on D-Bus System Message Bus Socket.
[[0;32m  OK  [0m] Started Daily Cleanup of Temporary Directories.
[[0;32m  OK  [0m] Reached target Timers.
[   20.251654] cloud-init[650]: |.  o . = o       |
[[0;32m  OK  [0m] Started ACPI Events Check.
[[0;32m  OK  [0m] Reached target Paths.
[[0;32m  OK  [0m] Listening on Open-iSCSI iscsid Socket.
[[0;32m  OK  [0m] Reached target Cloud-config availability.
[   20.281136] [[0;32m  OK  [0m] Started Availability of block devices.
[[0;32m  OK  [0m] Listening on LXD - unix socket.
[[0;32m  OK  [0m] Listening on Socket activation for snappy daemon.
[[0;32m  OK  [0m] Reached target Sockets.
[[0;32m  OK  [0m] Reached target Basic System.
[[0;32m  OK  [0m] Started Regular background program processing daemon.
[[0;32m  OK  [0m] Started Deferred execution scheduler.
cloud-init         Starting Login Service...
         Starting Accounts Service...
[650]:          Starting Permit User Sessions...
[[0;32m  OK  [0m] Started FUSE filesystem for LXC.
|  *.. * S.       |
[   20.349160] cloud-init[650]: | o.+.  +o        |
[   20.372541] cloud-init[650]: |  +o o =         |
[   20.380795] cloud-init[650]: | =o+= X          |
[   20.388316] cloud-init[650]: | +@+ *.o         |
         Starting Snap Daemon...
[   20.399492] cloud-init[650]: +----[SHA256]-----+
[   20.410375] cloud-init[650]: Generating public/private ed25519 key pair.
[   20.422922] cloud-init[650]: Your identification has been saved in /etc/ssh/ssh_host_ed25519_key.
[   20.431517] cloud-init[650]: Your public key has been saved in /etc/ssh/ssh_host_ed25519_key.pub.
[   20.441198] cloud-init[650]: The key fingerprint is:
[   20.449496] cloud-init         Starting Dispatcher daemon for systemd-networkd...
[650]: SHA256:h8Xukm+vUIrLk78Ktw+soL24P428Ic4Ki8jjizxsOOA root@ubuntu-bionic         Starting Virtualbox guest utils...

[[0;32m  OK  [0m] Started D-Bus System Message Bus.
[   20.496196] cloud-init[650]: The key's randomart image is:
[   20.509831] cloud-init[650]: +--[ED25519 256]--+
[   20.516652] cloud-init[650]: |                 |
[   20.522517] cloud-init[650]: |         .       |
[   20.543748] cloud-init[650]: |          o      |
[   20.552534] cloud-init[650]: |         +       |
[   20.561049] cloud-init[650]: |        S +      |
[   20.567496] cloud-init[650]: |.    . . *       |
[   20.578452] cloud-init[650]: |B.oo. =.= .      |
[   20.585710] cloud-init[650]: |%E+o.=o+ +.      |
[   20.594470] cloud-init[650]: |&@O+. ==+ooo.    |
[   20.613563] cloud-init[650]: +----[SHA256]-----+
[[0;32m  OK  [0m] Started Login Service.
[[0;32m  OK  [0m] Started Unattended Upgrades Shutdown.
         Starting LSB: automatic crash report generation...
[[0;32m  OK  [0m] Started irqbalance daemon.
         Starting LXD - container startup/shutdown...
         Starting System Logging Service...
         Starting Pollinate to seed the pseudo random number generator...
         Starting LSB: Record successful boot for GRUB...
[[0;32m  OK  [0m] Started Permit User Sessions.
[[0;32m  OK  [0m] Started System Logging Service.
         Starting Authorization Manager...
         Starting Hold until boot process finishes up...
         Starting Terminate Plymouth Boot Screen...
[[0;32m  OK  [0m] Started Hold until boot process finishes up.
         Starting Set console scheme...
[[0;32m  OK  [0m] Started Serial Getty on ttyS0.
[[0;32m  OK  [0m] Started Terminate Plymouth Boot Screen.
[[0;32m  OK  [0m] Started Set console scheme.
[[0;32m  OK  [0m] Created slice system-getty.slice.
[[0;32m  OK  [0m] Started Getty on tty1.
[[0;32m  OK  [0m] Reached target Login Prompts.
[[0;32m  OK  [0m] Started LSB: automatic crash report generation.
[[0;32m  OK  [0m] Started LSB: Record successful boot for GRUB.
[[0;32m  OK  [0m] Started Authorization Manager.
[[0;32m  OK  [0m] Started Accounts Service.
[[0;32m  OK  [0m] Started Virtualbox guest utils.
[[0;32m  OK  [0m] Started LXD - container startup/shutdown.
[[0;32m  OK  [0m] Started Dispatcher daemon for systemd-networkd.
[[0;32m  OK  [0m] Started Snap Daemon.
         Starting Wait until snapd is fully seeded...
[[0;32m  OK  [0m] Started Pollinate to seed the pseudo random number generator.
         Starting OpenBSD Secure Shell server...
[[0;32m  OK  [0m] Started OpenBSD Secure Shell server.
[[0;32m  OK  [0m] Created slice User Slice of vagrant.
         Starting User Manager for UID 1000...
[[0;32m  OK  [0m] Started Session 1 of user vagrant.
[[0;32m  OK  [0m] Started User Manager for UID 1000.

Ubuntu 18.04.6 LTS ubuntu-bionic ttyS0

ubuntu-bionic login: [   31.113840] cloud-init[1330]: Cloud-init v. 21.2-3-g899bfaa9-0ubuntu2~18.04.1 running 'modules:config' at Mon, 04 Oct 2021 12:43:56 +0000. Up 30.02 seconds.
ci-info: no authorized SSH keys fingerprints found for user ubuntu.
<14>Oct  4 12:43:58 cloud-init: #############################################################
<14>Oct  4 12:43:58 cloud-init: -----BEGIN SSH HOST KEY FINGERPRINTS-----
<14>Oct  4 12:43:58 cloud-init: 1024 SHA256:DQwHzPdyWn4bylihwHOQPhqdFPMGz/LkIVCEsHV4pp0 root@ubuntu-bionic (DSA)
<14>Oct  4 12:43:58 cloud-init: 256 SHA256:oZMzxTmSirNOy2ytm9c+mTZylSqB6x40FkC4RSBWRpk root@ubuntu-bionic (ECDSA)
<14>Oct  4 12:43:58 cloud-init: 256 SHA256:h8Xukm+vUIrLk78Ktw+soL24P428Ic4Ki8jjizxsOOA root@ubuntu-bionic (ED25519)
<14>Oct  4 12:43:58 cloud-init: 2048 SHA256:63soFx0sahBUAWZZa+g0FLMVxqizBAQqSfxHa6VeJvs root@ubuntu-bionic (RSA)
<14>Oct  4 12:43:58 cloud-init: -----END SSH HOST KEY FINGERPRINTS-----
<14>Oct  4 12:43:58 cloud-init: #############################################################
-----BEGIN SSH HOST KEY KEYS-----
ecdsa-sha2-nistp256 AAAAE2VjZHNhLXNoYTItbmlzdHAyNTYAAAAIbmlzdHAyNTYAAABBBHc5xt9QbJ3OGAfMUbIG8pyi6LEWzjrWWQh/O8qb3FyAY9cBMMg07ZKIJ9XXd2dw+cpjzxdbnz+gK8G9TLQQO5U= root@ubuntu-bionic
ssh-ed25519 AAAAC3NzaC1lZDI1NTE5AAAAIPFY12/194JHLRYeHz3+PbnRP4/GqcIgvMeCYB5gr1OT root@ubuntu-bionic
ssh-rsa AAAAB3NzaC1yc2EAAAADAQABAAABAQDHgC+RtHbaKMjJwUnYxPhOYnbEEQ6+4lxBGBD3esRag1Y4RHESGkMYqJoCzbN7OD25fJ2BNvFnTFFAMZSlskwGTrJaDbToDX2nwRCWLF6uUouGsYSI2JgY+To5d2hEbhnmBozagrV5j9/G70oMHwCzYLF6t1jm5FxjZcYm9IQn7oDwICiWQ60fv1Uc63h4b5nzAdLfbC7uRr0EEbkaW5lWjJPntf3XRTDB95wgo8bQJM6LPB4yvLkockG8S6cPXXLUvhUhR6sbzz0tWPL0asz1KxduBp1tdjEzf/KL4L4ojpWND7lMdAgtGd1VKh7NcFeanZhTQ0VbcYjL04gsgSdh root@ubuntu-bionic
-----END SSH HOST KEY KEYS-----
[   32.329390] cloud-init[1450]: Cloud-init v. 21.2-3-g899bfaa9-0ubuntu2~18.04.1 running 'modules:final' at Mon, 04 Oct 2021 12:43:58 +0000. Up 31.97 seconds.
[   32.329651] cloud-init[1450]: ci-info: no authorized SSH keys fingerprints found for user ubuntu.
[   32.329771] cloud-init[1450]: Cloud-init v. 21.2-3-g899bfaa9-0ubuntu2~18.04.1 finished at Mon, 04 Oct 2021 12:43:58 +0000. Datasource DataSourceNoCloud [seed=/dev/sdb][dsmode=net].  Up 32.28 seconds
